
[: Completed backup of Zotero database. (2013-12-20-12:34:27)]
[: Completed backup of Zotero database. (2013-12-20-12:58:33)]
[: Completed backup of Zotero database. (2013-12-20-12:59:34)]
[: Completed backup of Zotero database. (2013-12-20-13:01:23)]
[: Completed backup of Zotero database. (2013-12-20-13:01:49)]
[: Completed backup of Zotero database. (2013-12-20-14:08:48)]
[: Backup Failed! (2013-12-20-19:49:35)]
[: Backup Failed! (2013-12-20-19:49:36)]
[: Backup Failed! (2013-12-20-19:50:47)]
[: Backup Failed! (2013-12-20-19:50:47)]
[: Backup Failed! The Data and Author lists were not equal. (2013-12-20-19:51:44)]
[: Backup Failed! The Data and Author lists were not equal. (2013-12-20-19:51:45)]
[: Backup Failed! The Data and Author lists were not equal. (2013-12-20-19:52:08)]
[: Backup Failed! The Data and Author lists were not equal. (2013-12-20-19:53:35)]
[: Backup Failed! The Data and Author lists were not equal. (2013-12-20-19:53:36)]
[: Backup Failed! The Data and Author lists were not equal. (2013-12-20-21:16:19)]
[: Backup Failed! The Data and Author lists were not equal. (2013-12-20-21:16:20)]
[: Backup Failed! The Data and Author lists were not equal. (2013-12-20-21:45:42)]
[: Backup Failed! The Data and Author lists were not equal. (2013-12-20-21:45:43)]
[: Backup Failed! The Data and Author lists were not equal. (2013-12-21-00:57:50)]
[: Backup Failed! The Data and Author lists were not equal. (2013-12-21-00:57:51)]
[: Backup Failed! Zotero database locked. (2013-12-21-14:40:51)]
[: Backup Failed! Zotero database locked. (2013-12-21-14:41:30)]
[: Backup Failed! Zotero database locked. (2013-12-21-14:42:15)]
[: Backup Failed! Zotero database locked. (2013-12-21-14:59:23)]
[: Backup Failed! Zotero database locked. (2013-12-21-16:37:23)]
[: Backup Failed! Zotero database locked. (2013-12-21-16:40:02)]
[: Backup Failed! Zotero database locked. (2013-12-21-16:40:23)]
[: Backup Failed! Zotero database locked. (2013-12-21-16:40:31)]
[: Backup Failed! Zotero database locked. (2013-12-21-16:40:45)]
[com.hackademic.zotquery: Backup Failed! Zotero database locked. (2013-12-22-14:47:22)]
[com.hackademic.zotquery: Backup Failed! Zotero database locked. (2013-12-22-14:47:27)]
[com.hackademic.zotquery: Backup Failed! Zotero database locked. (2013-12-22-14:50:14)]
[com.hackademic.zotquery: Backup Failed! Zotero database locked. (2013-12-22-14:51:06)]
[com.hackademic.zotquery: Completed backup of Zotero database. (2013-12-23-01:05:14)]
[com.hackademic.zotquery: Completed backup of Zotero database. (2013-12-23-01:05:14)]
[com.hackademic.zotquery: Completed backup of Zotero database. (2013-12-23-01:05:46)]
[com.hackademic.zotquery: Completed backup of Zotero database. (2013-12-23-01:05:46)]
[com.hackademic.zotquery: Completed backup of Zotero database. (2013-12-23-01:05:47)]
[com.hackademic.zotquery: Completed backup of Zotero database. (2013-12-23-01:05:47)]
[com.hackademic.zotquery: Completed backup of Zotero database. (2013-12-23-01:05:48)]
[com.hackademic.zotquery: Completed backup of Zotero database. (2013-12-23-01:05:48)]
[com.hackademic.zotquery: Completed backup of Zotero database. (2013-12-23-01:06:28)]
[com.hackademic.zotquery: Completed backup of Zotero database. (2013-12-23-01:06:28)]
[com.hackademic.zotquery: Completed backup of Zotero database. (2013-12-23-01:07:26)]
[com.hackademic.zotquery: Completed backup of Zotero database. (2013-12-23-01:07:26)]
[com.hackademic.zotquery: Completed backup of Zotero database. (2013-12-23-01:07:28)]
[com.hackademic.zotquery: Completed backup of Zotero database. (2013-12-23-01:07:28)]
[com.hackademic.zotquery: Completed backup of Zotero database. (2013-12-23-01:07:29)]
[com.hackademic.zotquery: Completed backup of Zotero database. (2013-12-23-01:07:29)]
[com.hackademic.zotquery: Completed backup of Zotero database. (2013-12-23-01:08:00)]
[com.hackademic.zotquery: Completed backup of Zotero database. (2013-12-23-01:08:00)]
[com.hackademic.zotquery: Completed backup of Zotero database. (2013-12-23-01:08:05)]
[com.hackademic.zotquery: Completed backup of Zotero database. (2013-12-23-01:08:06)]
[com.hackademic.zotquery: Completed backup of Zotero database. (2013-12-23-01:08:42)]
[com.hackademic.zotquery: Completed backup of Zotero database. (2013-12-23-01:08:42)]
[com.hackademic.zotquery: Completed backup of Zotero database. (2013-12-23-01:09:21)]
[com.hackademic.zotquery: Completed backup of Zotero database. (2013-12-23-01:09:22)]
[com.hackademic.zotquery: Completed backup of Zotero database. (2013-12-23-01:09:25)]
[com.hackademic.zotquery: Completed backup of Zotero database. (2013-12-23-01:09:26)]
[com.hackademic.zotquery: Completed backup of Zotero database. (2013-12-23-01:09:27)]
[com.hackademic.zotquery: Completed backup of Zotero database. (2013-12-23-01:09:27)]
[com.hackademic.zotquery: Completed backup of Zotero database. (2013-12-23-01:10:50)]
[com.hackademic.zotquery: Completed backup of Zotero database. (2013-12-23-01:10:50)]
[com.hackademic.zotquery: Completed backup of Zotero database. (2013-12-23-01:10:51)]
[com.hackademic.zotquery: Completed backup of Zotero database. (2013-12-23-01:10:51)]
[com.hackademic.zotquery: Completed backup of Zotero database. (2013-12-23-01:10:56)]
[com.hackademic.zotquery: Completed backup of Zotero database. (2013-12-23-01:10:57)]
[com.hackademic.zotquery: Completed backup of Zotero database. (2013-12-23-01:10:59)]
[com.hackademic.zotquery: Completed backup of Zotero database. (2013-12-23-01:10:59)]
[com.hackademic.zotquery: Completed backup of Zotero database. (2013-12-23-01:11:00)]
[com.hackademic.zotquery: Completed backup of Zotero database. (2013-12-23-01:11:01)]
[com.hackademic.zotquery: Completed backup of Zotero database. (2013-12-23-01:11:19)]
[com.hackademic.zotquery: Completed backup of Zotero database. (2013-12-23-01:11:19)]
[com.hackademic.zotquery: Completed backup of Zotero database. (2013-12-23-01:12:13)]
[com.hackademic.zotquery: Completed backup of Zotero database. (2013-12-23-01:12:13)]
[com.hackademic.zotquery: Completed backup of Zotero database. (2013-12-23-01:12:16)]
[com.hackademic.zotquery: Completed backup of Zotero database. (2013-12-23-01:12:16)]
[com.hackademic.zotquery: Completed backup of Zotero database. (2013-12-23-01:12:17)]
[com.hackademic.zotquery: Completed backup of Zotero database. (2013-12-23-01:12:17)]
[com.hackademic.zotquery: Completed backup of Zotero database. (2013-12-23-01:12:18)]
[com.hackademic.zotquery: Completed backup of Zotero database. (2013-12-23-01:12:19)]
[com.hackademic.zotquery: Completed backup of Zotero database. (2013-12-23-01:12:20)]
[com.hackademic.zotquery: Completed backup of Zotero database. (2013-12-23-01:12:20)]
[com.hackademic.zotquery: Completed backup of Zotero database. (2013-12-23-01:12:20)]
[com.hackademic.zotquery: Completed backup of Zotero database. (2013-12-23-01:12:21)]
[com.hackademic.zotquery: Completed backup of Zotero database. (2013-12-23-01:12:22)]
[com.hackademic.zotquery: Completed backup of Zotero database. (2013-12-23-01:12:22)]
[com.hackademic.zotquery: Completed backup of Zotero database. (2013-12-23-01:13:19)]
[com.hackademic.zotquery: Completed backup of Zotero database. (2013-12-23-01:13:19)]
[com.hackademic.zotquery: Completed backup of Zotero database. (2013-12-23-01:13:20)]
[com.hackademic.zotquery: Completed backup of Zotero database. (2013-12-23-01:13:20)]
[com.hackademic.zotquery: Completed backup of Zotero database. (2013-12-23-01:13:43)]
[com.hackademic.zotquery: Completed backup of Zotero database. (2013-12-23-01:13:44)]
[com.hackademic.zotquery: Completed backup of Zotero database. (2013-12-23-01:13:46)]
[com.hackademic.zotquery: Completed backup of Zotero database. (2013-12-23-01:13:46)]
[com.hackademic.zotquery: Completed backup of Zotero database. (2013-12-23-01:13:47)]
[com.hackademic.zotquery: Completed backup of Zotero database. (2013-12-23-01:13:47)]
[com.hackademic.zotquery: Completed backup of Zotero database. (2013-12-23-01:14:29)]
[com.hackademic.zotquery: Completed backup of Zotero database. (2013-12-23-01:14:35)]
[com.hackademic.zotquery: Completed backup of Zotero database. (2013-12-23-01:15:10)]
[com.hackademic.zotquery: Completed backup of Zotero database. (2013-12-23-01:18:07)]
[com.hackademic.zotquery: Completed backup of Zotero database. (2013-12-23-01:18:07)]
[com.hackademic.zotquery: Completed backup of Zotero database. (2013-12-23-01:18:09)]
[com.hackademic.zotquery: Completed backup of Zotero database. (2013-12-23-01:18:11)]
[com.hackademic.zotquery: Completed backup of Zotero database. (2013-12-23-01:18:12)]
[com.hackademic.zotquery: Completed backup of Zotero database. (2013-12-23-01:18:12)]
[com.hackademic.zotquery: Completed backup of Zotero database. (2013-12-23-01:18:13)]
[com.hackademic.zotquery: Completed backup of Zotero database. (2013-12-23-01:18:32)]
[com.hackademic.zotquery: Completed backup of Zotero database. (2013-12-23-01:20:57)]
[com.hackademic.zotquery: Completed backup of Zotero database. (2013-12-23-01:23:34)]
[com.hackademic.zotquery: Completed backup of Zotero database. (2013-12-23-01:23:54)]
[com.hackademic.zotquery: Completed backup of Zotero database. (2013-12-23-01:24:32)]
[com.hackademic.zotquery: Completed backup of Zotero database. (2013-12-23-01:24:43)]
[com.hackademic.zotquery: Completed backup of Zotero database. (2013-12-23-01:24:55)]
[com.hackademic.zotquery: Completed backup of Zotero database. (2013-12-23-01:25:03)]
[com.hackademic.zotquery: Completed backup of Zotero database. (2013-12-23-01:25:12)]
[com.hackademic.zotquery: Completed backup of Zotero database. (2013-12-23-01:26:51)]
[com.hackademic.zotquery: Completed backup of Zotero database. (2013-12-23-01:27:49)]
[com.hackademic.zotquery: Completed backup of Zotero database. (2013-12-23-01:27:59)]
[com.hackademic.zotquery: Completed backup of Zotero database. (2013-12-23-01:33:57)]
[com.hackademic.zotquery: Completed backup of Zotero database. (2013-12-23-01:35:36)]
[com.hackademic.zotquery: Cache needs to be updated (2013-12-24-00:19:59)]
[com.hackademic.zotquery: Cache needs to be updated (2013-12-24-00:20:11)]
[com.hackademic.zotquery: Completed backup of Zotero database. (2013-12-24-00:21:03)]
[com.hackademic.zotquery: Completed backup of Zotero database. (2013-12-24-00:22:07)]
[com.hackademic.zotquery: Completed backup of Zotero database. (2013-12-24-00:22:08)]
[com.hackademic.zotquery: Completed backup of Zotero database. (2013-12-24-00:22:36)]
[com.hackademic.zotquery: Completed backup of Zotero database. (2013-12-24-00:22:37)]
[com.hackademic.zotquery: Completed backup of Zotero database. (2013-12-24-00:22:54)]
[com.hackademic.zotquery: Completed backup of Zotero database. (2013-12-24-00:23:01)]
[com.hackademic.zotquery: Completed backup of Zotero database. (2013-12-24-00:24:05)]
[com.hackademic.zotquery: Completed backup of Zotero database. (2013-12-24-00:24:06)]
[com.hackademic.zotquery: Completed backup of Zotero database. (2013-12-24-00:24:08)]
[com.hackademic.zotquery: Completed backup of Zotero database. (2013-12-24-00:24:09)]
[com.hackademic.zotquery: Completed backup of Zotero database. (2013-12-24-00:24:29)]
[com.hackademic.zotquery: Completed backup of Zotero database. (2013-12-24-00:24:30)]
[com.hackademic.zotquery: Completed backup of Zotero database. (2013-12-24-00:24:31)]
[com.hackademic.zotquery: Completed backup of Zotero database. (2013-12-24-00:24:32)]
[com.hackademic.zotquery: Completed backup of Zotero database. (2013-12-24-00:24:37)]
[com.hackademic.zotquery: Completed backup of Zotero database. (2013-12-24-00:24:38)]
[com.hackademic.zotquery: Completed backup of Zotero database. (2013-12-24-00:26:06)]
[com.hackademic.zotquery: Completed backup of Zotero database. (2013-12-24-00:26:07)]
[com.hackademic.zotquery: Completed backup of Zotero database. (2013-12-24-00:26:08)]
[com.hackademic.zotquery: Completed backup of Zotero database. (2013-12-24-00:26:14)]
[com.hackademic.zotquery: Completed backup of Zotero database. (2013-12-24-00:26:21)]
[com.hackademic.zotquery: Completed backup of Zotero database. (2013-12-24-00:27:26)]
[com.hackademic.zotquery: Completed backup of Zotero database. (2013-12-24-00:27:27)]
[com.hackademic.zotquery: Completed backup of Zotero database. (2013-12-24-00:27:27)]
[com.hackademic.zotquery: Completed backup of Zotero database. (2013-12-24-00:40:21)]
[com.hackademic.zotquery: Completed backup of Zotero database. (2013-12-24-00:40:22)]
[com.hackademic.zotquery: Completed backup of Zotero database. (2013-12-24-00:41:11)]
[com.hackademic.zotquery: Completed backup of Zotero database. (2013-12-24-00:41:12)]
[com.hackademic.zotquery: Completed backup of Zotero database. (2013-12-24-00:42:01)]
[com.hackademic.zotquery: Completed backup of Zotero database. (2013-12-24-00:42:02)]
[com.hackademic.zotquery: Completed backup of Zotero database. (2013-12-24-00:46:33)]
[com.hackademic.zotquery: Completed backup of Zotero database. (2013-12-24-00:46:34)]
[com.hackademic.zotquery: Completed backup of Zotero database. (2013-12-24-00:46:35)]
[com.hackademic.zotquery: Completed backup of Zotero database. (2013-12-24-00:46:41)]
[com.hackademic.zotquery: Completed backup of Zotero database. (2013-12-24-00:46:42)]
[com.hackademic.zotquery: Completed backup of Zotero database. (2013-12-24-00:46:44)]
[com.hackademic.zotquery: Completed backup of Zotero database. (2013-12-24-00:46:45)]
[com.hackademic.zotquery: Completed backup of Zotero database. (2013-12-24-01:06:44)]
[com.hackademic.zotquery: Completed backup of Zotero database. (2013-12-24-01:07:43)]
[com.hackademic.zotquery: Completed backup of Zotero database. (2013-12-24-01:09:04)]
[com.hackademic.zotquery: Completed backup of Zotero database. (2013-12-24-01:09:45)]
[com.hackademic.zotquery: Completed backup of Zotero database. (2013-12-25-10:39:19)]
[com.hackademic.zotquery: Completed backup of Zotero database. (2013-12-25-10:40:05)]
[com.hackademic.zotquery: Completed backup of Zotero database. (2013-12-27-20:40:09)]
[com.hackademic.zotquery: Backup Failed! Script failed to render JSON. (2013-12-28-23:41:54)]
[com.hackademic.zotquery: Completed backup of Zotero database. (2013-12-29-11:42:36)]
[com.hackademic.zotquery: Completed backup of Zotero database. (2013-12-29-12:03:39)]
[com.hackademic.zotquery: Completed backup of Zotero database. (2013-12-29-12:06:28)]
[com.hackademic.zotquery: Completed json backup of Zotero collections data. (2013-12-29-16:32:59)]
[com.hackademic.zotquery: Completed backup of Zotero database. (2013-12-30-13:56:42)]
[com.hackademic.zotquery: Completed json backup of Zotero collections data. (2013-12-30-13:57:30)]
[com.hackademic.zotquery: Completed backup of Zotero database. (2013-12-30-14:02:13)]
[com.hackademic.zotquery: Completed json backup of Zotero collections data. (2013-12-30-14:04:47)]
[com.hackademic.zotquery: Completed backup of Zotero database. (2013-12-30-14:05:27)]
[com.hackademic.zotquery: Completed json backup of Zotero collections data. (2013-12-31-00:48:37)]
[com.hackademic.zotquery: Collections Backup Failed! Script failed to render JSON. (2014-01-02-00:22:59)]
[com.hackademic.zotquery: Completed json backup of Zotero collections data. (2014-01-02-00:22:59)]
[com.hackademic.zotquery: Completed backup of Zotero database. (2014-01-02-00:42:49)]
[com.hackademic.zotquery: Completed backup of Zotero database. (2014-01-02-01:18:34)]
[com.hackademic.zotquery: Completed backup of Zotero database. (2014-01-02-11:18:16)]
[com.hackademic.zotquery: Collections Backup Failed! Script cannot access Zotero's collections. (2014-01-02-11:18:16)]
[com.hackademic.zotquery: Collections Backup Failed! Script failed to render collection JSON. (2014-01-02-11:18:16)]
[com.hackademic.zotquery: Completed json backup of Zotero collections data. (2014-01-02-11:18:16)]
[com.hackademic.zotquery: Tags Backup Failed! Script cannot access Zotero's tags. (2014-01-02-11:18:16)]
[com.hackademic.zotquery: Tags Backup Failed! Script failed to render tags JSON. (2014-01-02-11:18:16)]
[com.hackademic.zotquery: Completed json backup of Zotero tags data. (2014-01-02-11:18:16)]
[com.hackademic.zotquery: Completed backup of Zotero database. (2014-01-02-11:19:32)]
[com.hackademic.zotquery: Completed json backup of Zotero collections data. (2014-01-02-11:19:32)]
[com.hackademic.zotquery: Completed json backup of Zotero tags data. (2014-01-02-11:19:32)]
[com.hackademic.zotquery: Completed backup of Zotero database. (2014-01-02-11:24:18)]
[com.hackademic.zotquery: Completed json backup of Zotero collections data. (2014-01-02-11:24:18)]
[com.hackademic.zotquery: Completed json backup of Zotero tags data. (2014-01-02-11:24:18)]
[com.hackademic.zotquery: Database Success! Completed backup of Zotero database. (2014-01-02-11:32:31)]
[com.hackademic.zotquery: Collections Success! Completed json backup of Zotero collections data. (2014-01-02-11:32:31)]
[com.hackademic.zotquery: Tags Success! Completed json backup of Zotero tags data. (2014-01-02-11:32:31)]
[com.hackademic.zotquery: Final Success! Created JSON cache of Zotero database. (2014-01-02-11:32:31)]
[com.hackademic.zotquery: Database Success! Completed backup of Zotero database. (2014-01-02-11:42:07)]
[com.hackademic.zotquery: Collections Success! Completed json backup of Zotero collections data. (2014-01-02-11:42:07)]
[com.hackademic.zotquery: Tags Success! Completed json backup of Zotero tags data. (2014-01-02-11:42:07)]
[com.hackademic.zotquery: Final Success! Created JSON cache of Zotero database. (2014-01-02-11:42:07)]
[com.hackademic.zotquery: Database Success! Completed backup of Zotero database. (2014-01-02-11:43:52)]
[com.hackademic.zotquery: Collections Success! Completed json backup of Zotero collections data. (2014-01-02-11:43:52)]
[com.hackademic.zotquery: Tags Success! Completed json backup of Zotero tags data. (2014-01-02-11:43:52)]
[com.hackademic.zotquery: Final Success! Created JSON cache of Zotero database. (2014-01-02-11:43:52)]
[com.hackademic.zotquery: Found the user's Zotero database. (2014-01-02-22:08:19)]
[com.hackademic.zotquery: Database Success! Completed backup of Zotero database. (2014-01-02-22:11:12)]
[com.hackademic.zotquery: Collections Success! Completed json backup of Zotero collections data. (2014-01-02-22:11:12)]
[com.hackademic.zotquery: Tags Success! Completed json backup of Zotero tags data. (2014-01-02-22:11:12)]
[com.hackademic.zotquery: Final Success! Created JSON cache of Zotero database. (2014-01-02-22:11:12)]
[com.hackademic.zotquery: Database Backup Failed! Script failed to render JSON. (2014-01-03-11:48:12)]
[com.hackademic.zotquery: Collections Success! Completed json backup of Zotero collections data. (2014-01-03-11:48:12)]
[com.hackademic.zotquery: Tags Success! Completed json backup of Zotero tags data. (2014-01-03-11:48:12)]
[com.hackademic.zotquery: Final Success! Created JSON cache of Zotero database. (2014-01-03-11:48:12)]
[com.hackademic.zotquery: Database Success! Completed backup of Zotero database. (2014-01-03-11:52:26)]
[com.hackademic.zotquery: Collections Success! Completed json backup of Zotero collections data. (2014-01-03-11:52:26)]
[com.hackademic.zotquery: Tags Success! Completed json backup of Zotero tags data. (2014-01-03-11:52:26)]
[com.hackademic.zotquery: Final Success! Created JSON cache of Zotero database. (2014-01-03-11:52:26)]
[com.hackademic.zotquery: Query failed. (2014-01-03-11:56:01)]
[com.hackademic.zotquery: Query failed. (2014-01-03-11:56:01)]
[com.hackademic.zotquery: Query failed. (2014-01-03-11:56:25)]
[com.hackademic.zotquery: Database Success! Completed backup of Zotero database. (2014-01-05-18:33:47)]
[com.hackademic.zotquery: Collections Success! Completed json backup of Zotero collections data. (2014-01-05-18:33:47)]
[com.hackademic.zotquery: Tags Success! Completed json backup of Zotero tags data. (2014-01-05-18:33:47)]
[com.hackademic.zotquery: Final Success! Created JSON cache of Zotero database. (2014-01-05-18:33:47)]
[com.hackademic.zotquery: Database Success! Completed backup of Zotero database. (2014-01-05-18:37:33)]
[com.hackademic.zotquery: Collections Success! Completed json backup of Zotero collections data. (2014-01-05-18:37:33)]
[com.hackademic.zotquery: Tags Success! Completed json backup of Zotero tags data. (2014-01-05-18:37:33)]
[com.hackademic.zotquery: Final Success! Created JSON cache of Zotero database. (2014-01-05-18:37:33)]
[com.hackademic.zotquery: Database Backup Failed! Script failed to render JSON. (2014-01-05-20:10:33)]
[com.hackademic.zotquery: Collections Success! Completed json backup of Zotero collections data. (2014-01-05-20:10:33)]
[com.hackademic.zotquery: Tags Success! Completed json backup of Zotero tags data. (2014-01-05-20:10:33)]
[com.hackademic.zotquery: Final Success! Created JSON cache of Zotero database. (2014-01-05-20:10:33)]
[com.hackademic.zotquery: Database Success! Completed backup of Zotero database. (2014-01-05-20:15:12)]
[com.hackademic.zotquery: Collections Success! Completed json backup of Zotero collections data. (2014-01-05-20:15:12)]
[com.hackademic.zotquery: Tags Success! Completed json backup of Zotero tags data. (2014-01-05-20:15:12)]
[com.hackademic.zotquery: Final Success! Created JSON cache of Zotero database. (2014-01-05-20:15:12)]
[com.hackademic.zotquery: Database Success! Completed backup of Zotero database. (2014-01-05-20:19:28)]
[com.hackademic.zotquery: Collections Success! Completed json backup of Zotero collections data. (2014-01-05-20:19:28)]
[com.hackademic.zotquery: Tags Success! Completed json backup of Zotero tags data. (2014-01-05-20:19:28)]
[com.hackademic.zotquery: Final Success! Created JSON cache of Zotero database. (2014-01-05-20:19:28)]
[com.hackademic.zotquery: Database Success! Completed backup of Zotero database. (2014-01-05-20:25:27)]
[com.hackademic.zotquery: Collections Success! Completed json backup of Zotero collections data. (2014-01-05-20:25:27)]
[com.hackademic.zotquery: Tags Success! Completed json backup of Zotero tags data. (2014-01-05-20:25:27)]
[com.hackademic.zotquery: Final Success! Created JSON cache of Zotero database. (2014-01-05-20:25:27)]
[com.hackademic.zotquery: Database Success! Completed backup of Zotero database. (2014-01-05-20:32:09)]
[com.hackademic.zotquery: Collections Success! Completed json backup of Zotero collections data. (2014-01-05-20:32:09)]
[com.hackademic.zotquery: Tags Success! Completed json backup of Zotero tags data. (2014-01-05-20:32:09)]
[com.hackademic.zotquery: Final Success! Created JSON cache of Zotero database. (2014-01-05-20:32:09)]
[com.hackademic.zotquery: Database Backup Failed! Script failed to render JSON. (2014-01-05-22:12:48)]
[com.hackademic.zotquery: Collections Success! Completed json backup of Zotero collections data. (2014-01-05-22:12:48)]
[com.hackademic.zotquery: Tags Success! Completed json backup of Zotero tags data. (2014-01-05-22:12:48)]
[com.hackademic.zotquery: Final Success! Created JSON cache of Zotero database. (2014-01-05-22:12:48)]
[com.hackademic.zotquery: Database Backup Failed! Script failed to render JSON. (2014-01-05-22:13:35)]
[com.hackademic.zotquery: Collections Success! Completed json backup of Zotero collections data. (2014-01-05-22:13:35)]
[com.hackademic.zotquery: Tags Success! Completed json backup of Zotero tags data. (2014-01-05-22:13:35)]
[com.hackademic.zotquery: Final Success! Created JSON cache of Zotero database. (2014-01-05-22:13:35)]
[com.hackademic.zotquery: Database Success! Completed backup of Zotero database. (2014-01-05-22:17:04)]
[com.hackademic.zotquery: Collections Success! Completed json backup of Zotero collections data. (2014-01-05-22:17:04)]
[com.hackademic.zotquery: Tags Success! Completed json backup of Zotero tags data. (2014-01-05-22:17:04)]
[com.hackademic.zotquery: Final Success! Created JSON cache of Zotero database. (2014-01-05-22:17:06)]
[com.hackademic.zotquery: Database Success! Completed backup of Zotero database. (2014-01-05-22:21:03)]
[com.hackademic.zotquery: Collections Success! Completed json backup of Zotero collections data. (2014-01-05-22:21:03)]
[com.hackademic.zotquery: Tags Success! Completed json backup of Zotero tags data. (2014-01-05-22:21:03)]
[com.hackademic.zotquery: Final Success! Created JSON cache of Zotero database. (2014-01-05-22:21:04)]
[com.hackademic.zotquery: Database Success! Completed backup of Zotero database. (2014-01-05-22:22:11)]
[com.hackademic.zotquery: Collections Success! Completed json backup of Zotero collections data. (2014-01-05-22:22:11)]
[com.hackademic.zotquery: Tags Success! Completed json backup of Zotero tags data. (2014-01-05-22:22:11)]
[com.hackademic.zotquery: Final Success! Created JSON cache of Zotero database. (2014-01-05-22:22:11)]
